commit 0a7085a2342befc0d3603942c7508b7c06c750e7
Author: ibrahimnagib <ibrahim.nagib@utexas.edu>
Date:   Fri Nov 7 15:33:03 2014 -0600

    Update TestDarwin.py

commit a278fe07983de8554088eff6b4e34b7dec3248df
Author: ibrahimnagib <ibrahim.nagib@utexas.edu>
Date:   Fri Nov 7 15:32:47 2014 -0600

    Update RunDarwin.py

commit 7af99fede94d1b586d5841ffaa31b1a7deffd66e
Author: ibrahimnagib <ibrahim.nagib@utexas.edu>
Date:   Fri Nov 7 15:19:19 2014 -0600

    Created Pydoc
    
    html document

commit 5b250b0123b112d3d386ed7ab5cd4177b2607a8c
Author: ibrahimnagib <ibrahim.nagib@utexas.edu>
Date:   Fri Nov 7 15:11:19 2014 -0600

    Final RunDarwin.out
    
    I decided to leave my walls up to show how I used the walls as barriers

commit bb9ea95e550965dddf9c86d42a1ca62db526981e
Author: ibrahimnagib <ibrahim.nagib@utexas.edu>
Date:   Fri Nov 7 15:04:04 2014 -0600

    Update RunDarwin.py

commit 96233a4232b1ed65f3aab937500ef93a11770060
Author: ibrahimnagib <ibrahim.nagib@utexas.edu>
Date:   Fri Nov 7 14:46:32 2014 -0600

    Final update

commit 10ba5d3d1f8356e39418f3c3bafd861ef35aa286
Author: ibrahimnagib <ibrahim.nagib@utexas.edu>
Date:   Fri Nov 7 14:43:57 2014 -0600

    Final update

commit 1b97eea1ded2dd4c10b4670530bf43d654822108
Author: ibrahimnagib <ibrahim.nagib@utexas.edu>
Date:   Fri Nov 7 14:42:57 2014 -0600

    Final update
    
    Fully working with correct output in RunDarwin

commit 18364a4f9d3385daa6870700f11b09ea64ff2ab2
Author: ibrahimnagib <ibrahim.nagib@utexas.edu>
Date:   Fri Nov 7 09:29:38 2014 -0600

    Update Darwin.py
    
    Fully working version of Darwin

commit 58f17c56892053590f82463ddad8239670efb07f
Author: ibrahimnagib <ibrahim.nagib@utexas.edu>
Date:   Fri Nov 7 03:02:40 2014 -0600

    Create RunDarwin.out
    
    output of RunDarwin, still testing for bugs with the infect action

commit 2409f72d5d65bc7b0313bd7a4d69764cb27aa0f9
Author: ibrahimnagib <ibrahim.nagib@utexas.edu>
Date:   Fri Nov 7 02:58:57 2014 -0600

    Update Darwin.py
    
    working Darwin.py with minor bugs that need fixing

commit 0cefb67ea57a30eee494101df8fefaf4ee339731
Author: ibrahimnagib <ibrahim.nagib@utexas.edu>
Date:   Fri Nov 7 02:57:41 2014 -0600

    Create TestDarwin.out
    
    output of TestDarwin.py showing coverage

commit ff1b354952752544d932afc424b50856db2151d1
Author: ibrahimnagib <ibrahim.nagib@utexas.edu>
Date:   Fri Nov 7 02:56:24 2014 -0600

    Create TestDarwin.py
    
    unit testing for Darwin.py

commit 1e5542b8db96aa8475eb2ca79896dbb078491845
Author: ibrahimnagib <ibrahim.nagib@utexas.edu>
Date:   Fri Nov 7 02:55:28 2014 -0600

    Create RunDarwin.py
    
    updated for rundarwin without using the best creature

commit 7b4389e75603700be601ab8ed2b3f79ca5e5ba7d
Author: ibrahimnagib <ibrahim.nagib@utexas.edu>
Date:   Thu Nov 6 12:28:49 2014 -0600

    Create Darwin.py
    
    darwin.py, not fully functional, but working with 3 classes

commit c456e93beb0032586f7f720f37f26d80b694f553
Author: ibrahimnagib <ibrahim.nagib@utexas.edu>
Date:   Wed Nov 5 18:06:53 2014 -0600

    Initial commit
