*** Darwin 7x9 ***
* * * * * * * * * * *
* t . . . . . . . . *
* . . . . . . . . . *
* . . . . . . . . . *
* . . h . . . . . . *
* . . . . . . . . . *
* . . . . r . . . . *
* . . . . . . . . t *
* * * * * * * * * * *
('Round: ', 0, 0)
* * * * * * * * * * *
* t . . . . . . . . *
* . . . . . . . . . *
* . . . . . . . . . *
* . . h . . . . . . *
* . . . . . . . . . *
* . . . . r . . . . *
* . . . . . . . . t *
* * * * * * * * * * *
('hop ', 1)
('Round: ', 0, 1)
* * * * * * * * * * *
* t . . . . . . . . *
* . . . . . . . . . *
* . . . . . . . . . *
* . . . h . . . . . *
* . . . . . . . . . *
* . . . . r . . . . *
* . . . . . . . . t *
* * * * * * * * * * *
('hop ', 2)
('Round: ', 0, 2)
* * * * * * * * * * *
* t . . . . . . . . *
* . . . . . . . . . *
* . . . . . . . . . *
* . . . h . . . . . *
* . . . . r . . . . *
* . . . . . . . . . *
* . . . . . . . . t *
* * * * * * * * * * *
('Round: ', 0, 3)
* * * * * * * * * * *
* t . . . . . . . . *
* . . . . . . . . . *
* . . . . . . . . . *
* . . . h . . . . . *
* . . . . r . . . . *
* . . . . . . . . . *
* . . . . . . . . t *
* * * * * * * * * * *
('Round: ', 1, 0)
* * * * * * * * * * *
* t . . . . . . . . *
* . . . . . . . . . *
* . . . . . . . . . *
* . . . h . . . . . *
* . . . . r . . . . *
* . . . . . . . . . *
* . . . . . . . . t *
* * * * * * * * * * *
('hop ', 1)
('Round: ', 1, 1)
* * * * * * * * * * *
* t . . . . . . . . *
* . . . . . . . . . *
* . . . . . . . . . *
* . . . . h . . . . *
* . . . . r . . . . *
* . . . . . . . . . *
* . . . . . . . . t *
* * * * * * * * * * *
('hop ', 2)
('Round: ', 1, 2)
* * * * * * * * * * *
* t . . . . . . . . *
* . . . . . . . . . *
* . . . . . . . . . *
* . . . . r . . . . *
* . . . . . . . . . *
* . . . . . . . . . *
* . . . . . . . . t *
* * * * * * * * * * *
('Round: ', 1, 3)
* * * * * * * * * * *
* t . . . . . . . . *
* . . . . . . . . . *
* . . . . . . . . . *
* . . . . r . . . . *
* . . . . . . . . . *
* . . . . . . . . . *
* . . . . . . . . t *
* * * * * * * * * * *
('Round: ', 2, 0)
* * * * * * * * * * *
* t . . . . . . . . *
* . . . . . . . . . *
* . . . . . . . . . *
* . . . . r . . . . *
* . . . . . . . . . *
* . . . . . . . . . *
* . . . . . . . . t *
* * * * * * * * * * *
('hop ', 1)
('Round: ', 2, 1)
* * * * * * * * * * *
* t . . . . . . . . *
* . . . . . . . . . *
* . . . . . . . . . *
* . . . . . h . . . *
* . . . . . . . . . *
* . . . . . . . . . *
* . . . . . . . . t *
* * * * * * * * * * *
('hop ', 2)
('Round: ', 2, 2)
* * * * * * * * * * *
* t . . . . . . . . *
* . . . . . . . . . *
* . . . . r . . . . *
* . . . . . h . . . *
* . . . . . . . . . *
* . . . . . . . . . *
* . . . . . . . . t *
* * * * * * * * * * *
('Round: ', 2, 3)
* * * * * * * * * * *
* t . . . . . . . . *
* . . . . . . . . . *
* . . . . r . . . . *
* . . . . . h . . . *
* . . . . . . . . . *
* . . . . . . . . . *
* . . . . . . . . t *
* * * * * * * * * * *
('Round: ', 3, 0)
* * * * * * * * * * *
* t . . . . . . . . *
* . . . . . . . . . *
* . . . . r . . . . *
* . . . . . h . . . *
* . . . . . . . . . *
* . . . . . . . . . *
* . . . . . . . . t *
* * * * * * * * * * *
('hop ', 1)
('Round: ', 3, 1)
* * * * * * * * * * *
* t . . . . . . . . *
* . . . . . . . . . *
* . . . . r . . . . *
* . . . . . . h . . *
* . . . . . . . . . *
* . . . . . . . . . *
* . . . . . . . . t *
* * * * * * * * * * *
('hop ', 2)
('Round: ', 3, 2)
* * * * * * * * * * *
* t . . . . . . . . *
* . . . . r . . . . *
* . . . . . . . . . *
* . . . . . . h . . *
* . . . . . . . . . *
* . . . . . . . . . *
* . . . . . . . . t *
* * * * * * * * * * *
('Round: ', 3, 3)
* * * * * * * * * * *
* t . . . . . . . . *
* . . . . r . . . . *
* . . . . . . . . . *
* . . . . . . h . . *
* . . . . . . . . . *
* . . . . . . . . . *
* . . . . . . . . t *
* * * * * * * * * * *
('Round: ', 4, 0)
* * * * * * * * * * *
* t . . . . . . . . *
* . . . . r . . . . *
* . . . . . . . . . *
* . . . . . . h . . *
* . . . . . . . . . *
* . . . . . . . . . *
* . . . . . . . . t *
* * * * * * * * * * *
('hop ', 1)
('Round: ', 4, 1)
* * * * * * * * * * *
* t . . . . . . . . *
* . . . . r . . . . *
* . . . . . . . . . *
* . . . . . . h . . *
* . . . . . . . . . *
* . . . . . . . . . *
* . . . . . . . . t *
* * * * * * * * * * *
('hop ', 2)
('Round: ', 4, 2)
* * * * * * * * * * *
* t . . . r . . . . *
* . . . . . . . . . *
* . . . . . . . . . *
* . . . . . . h . . *
* . . . . . . . . . *
* . . . . . . . . . *
* . . . . . . . . t *
* * * * * * * * * * *
('Round: ', 4, 3)
* * * * * * * * * * *
* t . . . r . . . . *
* . . . . . . . . . *
* . . . . . . . . . *
* . . . . . . h . . *
* . . . . . . . . . *
* . . . . . . . . . *
* . . . . . . . . t *
* * * * * * * * * * *
